2023-02-20T10:39:19+00:00 CRITICAL Uncaught Error: Undefined constant "show" in /home2/lukesixt/public_html/luke630/wp-content/themes/luke630/faqs.php:41
Stack trace:
#0 /home2/lukesixt/public_html/luke630/wp-includes/template-loader.php(106): include()
#1 /home2/lukesixt/public_html/luke630/wp-blog-header.php(19): require_once('/home2/lukesixt...')
#2 /home2/lukesixt/public_html/luke630/index.php(17): require('/home2/lukesixt...')
#3 {main}
  thrown in /home2/lukesixt/public_html/luke630/wp-content/themes/luke630/faqs.php on line 41

2023-02-20T10:40:36+00:00 CRITICAL Uncaught Error: Undefined constant "show" in /home2/lukesixt/public_html/luke630/wp-content/themes/luke630/faqs.php:41
Stack trace:
#0 /home2/lukesixt/public_html/luke630/wp-includes/template-loader.php(106): include()
#1 /home2/lukesixt/public_html/luke630/wp-blog-header.php(19): require_once('/home2/lukesixt...')
#2 /home2/lukesixt/public_html/luke630/index.php(17): require('/home2/lukesixt...')
#3 {main}
  thrown in /home2/lukesixt/public_html/luke630/wp-content/themes/luke630/faqs.php on line 41

2023-02-20T10:41:16+00:00 CRITICAL Uncaught Error: Undefined constant "show" in /home2/lukesixt/public_html/luke630/wp-content/themes/luke630/faqs.php:41
Stack trace:
#0 /home2/lukesixt/public_html/luke630/wp-includes/template-loader.php(106): include()
#1 /home2/lukesixt/public_html/luke630/wp-blog-header.php(19): require_once('/home2/lukesixt...')
#2 /home2/lukesixt/public_html/luke630/index.php(17): require('/home2/lukesixt...')
#3 {main}
  thrown in /home2/lukesixt/public_html/luke630/wp-content/themes/luke630/faqs.php on line 41

